IQ-TREE multicore version 1.6.12 for Linux 64-bit built Aug 15 2019
Developed by Bui Quang Minh, Nguyen Lam Tung, Olga Chernomor,
Heiko Schmidt, Dominik Schrempf, Michael Woodhams.

Host:    gandalf (AVX2, FMA3, 2003 GB RAM)
Command: iqtree -nt 20 -m TESTONLY -madd LG+C60 -msub nuclear -s New1_OldVsNewTax21_PPP3_Concatenated_Alignment_Phyx_g065.fas
Seed:    545045 (Using SPRNG - Scalable Parallel Random Number Generator)
Time:    Tue Dec 19 13:54:29 2023
Kernel:  AVX+FMA - 20 threads (256 CPU cores detected)

Reading alignment file New1_OldVsNewTax21_PPP3_Concatenated_Alignment_Phyx_g065.fas ... Fasta format detected
Alignment most likely contains protein sequences
Alignment has 62 sequences with 90321 columns, 74383 distinct patterns
52012 parsimony-informative, 12220 singleton sites, 26089 constant sites
                         Gap/Ambiguity  Composition  p-value
   1  14614.18.24               48.19%    failed      0.25%
   2  14615.5a                  62.43%    failed      0.53%
   3  14621.10.21               47.08%    failed      0.00%
   4  ATA-1-4-KH11              32.74%    failed      0.03%
   5  ATA1.5-3-RM7              39.83%    failed      0.00%
   6  ATA2-1-CV14               46.25%    failed      0.00%
   7  ATA5.5-1-CV2              35.36%    failed      0.05%
   8  CCAC_0119                 62.35%    failed      0.00%
   9  CMT-NP38                  60.01%    passed      5.78%
  10  EiE-15a                   47.05%    failed      0.07%
  11  NH-18.1                   36.14%    failed      0.04%
  12  SAG_13.91                 43.31%    failed      0.00%
  13  SAG_2147                  34.10%    failed      0.03%
  14  SAG_2155                  32.77%    failed      0.01%
  15  SAG_255-8                 58.17%    failed      0.54%
  16  SAG_2562                  58.57%    failed      0.00%
  17  SAG_335-1a                38.90%    failed      0.01%
  18  SAG_335-4                 39.16%    failed      0.00%
  19  SAG_338-1_OwnSample       37.56%    failed      0.00%
  20  SAG_338-1_SRA_Retrieved   32.63%    failed      0.00%
  21  SAG_36.98                 53.59%    failed      0.00%
  22  SAG_384-1_5_Lib           38.52%    failed      0.00%
  23  SAG_384-1_Own-Sample      29.48%    failed      0.16%
  24  SAG_7.96                  39.25%    failed      0.00%
  25  SAG_8.96                  29.85%    failed      0.00%
  26  UTEX_LB_2353              59.09%    failed      0.00%
  27  Cglobosum                 75.34%    failed      0.00%
  28  Corbicularis              49.88%    failed      0.00%
  29  Aagrestis_BONN            81.44%    failed      0.00%
  30  Aagrestis_OXF             81.00%    failed      0.00%
  31  Afiliculoides             81.13%    failed      0.00%
  32  Athaliana                 81.59%    failed      0.00%
  33  Bdistachyon               80.63%    failed      0.00%
  34  Catmophyticus             57.40%    failed      0.00%
  35  Creinhardtii              59.60%    failed      0.00%
  36  Csubellipsoidea           63.60%    failed      0.23%
  37  Cvulgaris                 56.99%    failed      0.00%
  38  Mendlicherianum           84.28%    failed      0.00%
  39  Mpolymorpha               77.17%    failed      0.00%
  40  Ppatens                   78.52%    failed      0.00%
  41  SAG_2307                  53.15%    failed      0.00%
  42  Smuscicola                68.38%    failed      0.00%
  43  Zcircumcarinatum          87.66%    failed      0.00%
  44  Cbraunii                  69.16%    failed      0.00%
  45  SAG_2100                  49.22%    failed      0.00%
  46  SAG_37.86                 34.07%    failed      0.00%
  47  UTEX_2793                 60.72%    failed      0.00%
  48  Mviride                   68.42%    failed      0.00%
  49  A1-1a                     53.85%    failed      0.00%
  50  SAG_2102                  75.54%    failed      0.00%
  51  SAG_2417                  54.63%    failed      0.04%
  52  Cscutata                  71.05%    failed      0.00%
  53  SAG_2559                  58.04%    failed      0.00%
  54  Spratensis                92.69%    failed      0.00%
  55  SAG_2415                  29.46%    failed      0.18%
  56  14614.18.18               75.19%    failed      0.00%
  57  Itaiwanensis              91.02%    failed      0.00%
  58  LUK_68                    68.23%    failed      0.00%
  59  Nmirabilis                67.27%    failed      0.00%
  60  UTEX_623                  85.37%    failed      0.00%
  61  Mougeotiasp               90.94%    failed      0.00%
  62  Umutabilis                66.56%    failed      0.00%
WARNING: 39 sequences contain more than 50% gaps/ambiguity
****  TOTAL                     58.41%  61 sequences failed composition chi2 test (p-value<5%; df=19)


Create initial parsimony tree by phylogenetic likelihood library (PLL)... 0.764 seconds
NOTE: ModelFinder requires 2850 MB RAM!
ModelFinder will test 73 protein models (sample size: 90321) ...
 No. Model         -LnL         df  AIC          AICc         BIC
  1  Dayhoff       1643445.756  121 3287133.512  3287133.839  3288272.258
  2  Dayhoff+I     1605061.270  122 3210366.539  3210366.872  3211514.696
  3  Dayhoff+G4    1575717.562  122 3151679.125  3151679.457  3152827.282
  4  Dayhoff+I+G4  1574598.256  123 3149442.511  3149442.849  3150600.080
  5  Dayhoff+F     1636886.452  140 3274052.905  3274053.342  3275370.462
  6  Dayhoff+F+I   1598543.725  141 3197369.450  3197369.894  3198696.418
  7  Dayhoff+F+G4  1568753.947  141 3137789.893  3137790.337  3139116.862
  8  Dayhoff+F+I+G4 1567699.227  142 3135682.453  3135682.904  3137018.833
  9  JTT           1628518.291  121 3257278.583  3257278.910  3258417.329
 10  JTT+I         1591188.634  122 3182621.269  3182621.601  3183769.426
 11  JTT+G4        1563671.337  122 3127586.674  3127587.007  3128734.831
 12  JTT+I+G4      1562689.425  123 3125624.851  3125625.189  3126782.419
 13  JTT+F         1626039.944  140 3252359.888  3252360.326  3253677.446
 14  JTT+F+I       1588465.907  141 3177213.814  3177214.258  3178540.783
 15  JTT+F+G4      1561013.320  141 3122308.641  3122309.085  3123635.610
 16  JTT+F+I+G4    1560024.884  142 3120333.767  3120334.218  3121670.147
 17  WAG           1620331.951  121 3240905.903  3240906.230  3242044.649
 18  WAG+I         1585429.799  122 3171103.599  3171103.932  3172251.756
 19  WAG+G4        1561648.243  122 3123540.487  3123540.820  3124688.644
 20  WAG+I+G4      1560566.168  123 3121378.336  3121378.674  3122535.904
 21  WAG+F         1618239.584  140 3236759.167  3236759.605  3238076.725
 22  WAG+F+I       1583459.237  141 3167200.475  3167200.919  3168527.444
 23  WAG+F+G4      1559435.524  141 3119153.048  3119153.492  3120480.017
 24  WAG+F+I+G4    1558382.847  142 3117049.694  3117050.144  3118386.074
 25  VT            1624878.440  121 3249998.880  3249999.207  3251137.626
 26  VT+I          1590231.334  122 3180706.668  3180707.001  3181854.825
 27  VT+G4         1567905.303  122 3136054.605  3136054.938  3137202.763
 28  VT+I+G4       1566822.307  123 3133890.613  3133890.952  3135048.182
 29  VT+F          1622414.704  140 3245109.407  3245109.845  3246426.965
 30  VT+F+I        1587783.086  141 3175848.173  3175848.617  3177175.141
 31  VT+F+G4       1565631.326  141 3131544.653  3131545.097  3132871.621
 32  VT+F+I+G4     1564537.590  142 3129359.180  3129359.630  3130695.560
 33  LG            1620726.376  121 3241694.752  3241695.080  3242833.498
 34  LG+I          1584643.230  122 3169530.461  3169530.793  3170678.618
 35  LG+G4         1555177.873  122 3110599.746  3110600.079  3111747.903
 36  LG+I+G4       1554371.034  123 3108988.068  3108988.407  3110145.637
 37  LG+F          1617320.109  140 3234920.218  3234920.656  3236237.776
 38  LG+F+I        1581402.462  141 3163086.925  3163087.369  3164413.893
 39  LG+F+G4       1552480.557  141 3105243.115  3105243.559  3106570.084
 40  LG+F+I+G4     1551643.771  142 3103571.542  3103571.992  3104907.921
 41  DCMut         1643462.018  121 3287166.036  3287166.363  3288304.782
 42  DCMut+I       1605095.614  122 3210435.228  3210435.561  3211583.386
 43  DCMut+G4      1575856.247  122 3151956.493  3151956.826  3153104.650
 44  DCMut+I+G4    1574733.230  123 3149712.460  3149712.798  3150870.029
 45  DCMut+F       1636876.885  140 3274033.771  3274034.209  3275351.328
 46  DCMut+F+I     1598555.290  141 3197392.580  3197393.024  3198719.548
 47  DCMut+F+G4    1568868.194  141 3138018.388  3138018.832  3139345.356
 48  DCMut+F+I+G4  1567810.204  142 3135904.409  3135904.859  3137240.788
 49  PMB           1636588.095  121 3273418.190  3273418.517  3274556.936
 50  PMB+I         1602907.094  122 3206058.187  3206058.520  3207206.344
 51  PMB+G4        1580239.098  122 3160722.195  3160722.528  3161870.352
 52  PMB+I+G4      1579247.980  123 3158741.960  3158742.298  3159899.528
 53  PMB+F         1633488.673  140 3267257.346  3267257.784  3268574.904
 54  PMB+F+I       1599654.589  141 3199591.178  3199591.622  3200918.147
 55  PMB+F+G4      1577301.537  141 3154885.074  3154885.518  3156212.042
 56  PMB+F+I+G4    1576274.591  142 3152833.182  3152833.633  3154169.562
 57  JTTDCMut      1628114.064  121 3256470.128  3256470.455  3257608.874
 58  JTTDCMut+I    1590904.589  122 3182053.177  3182053.510  3183201.334
 59  JTTDCMut+G4   1563475.365  122 3127194.730  3127195.063  3128342.887
 60  JTTDCMut+I+G4 1562491.008  123 3125228.015  3125228.353  3126385.583
 61  JTTDCMut+F    1625665.024  140 3251610.048  3251610.486  3252927.605
 62  JTTDCMut+F+I  1588234.465  141 3176750.930  3176751.374  3178077.898
 63  JTTDCMut+F+G4 1560830.400  141 3121942.801  3121943.245  3123269.770
 64  JTTDCMut+F+I+G4 1559843.804  142 3119971.608  3119972.059  3121307.988
 65  Blosum62      1636274.466  121 3272790.932  3272791.260  3273929.678
 66  Blosum62+I    1603096.068  122 3206436.137  3206436.470  3207584.294
 67  Blosum62+G4   1580159.678  122 3160563.356  3160563.689  3161711.513
 68  Blosum62+I+G4 1579191.639  123 3158629.279  3158629.617  3159786.847
 69  Blosum62+F    1633143.312  140 3266566.625  3266567.062  3267884.182
 70  Blosum62+F+I  1599731.069  141 3199744.138  3199744.582  3201071.107
 71  Blosum62+F+G4 1577130.198  141 3154542.397  3154542.841  3155869.366
 72  Blosum62+F+I+G4 1576118.250  142 3152520.499  3152520.949  3153856.879
Model LG+C60 is alias for LG+POISSON+G+FMIX{C60pi1:1:0.0169698865,C60pi2:1:0.0211683374,C60pi3:1:0.0276589079,C60pi4:1:0.0065675964,C60pi5:1:0.0141221416,C60pi6:1:0.0068774834,C60pi7:1:0.0146909701,C60pi8:1:0.0067225777,C60pi9:1:0.0018396660,C60pi10:1:0.0102547197,C60pi11:1:0.0230896163,C60pi12:1:0.0057941033,C60pi13:1:0.0125394534,C60pi14:1:0.0204526478,C60pi15:1:0.0070629602,C60pi16:1:0.0117982741,C60pi17:1:0.0068334668,C60pi18:1:0.0433775839,C60pi19:1:0.0318278731,C60pi20:1:0.0222546108,C60pi21:1:0.0102264969,C60pi22:1:0.0150545891,C60pi23:1:0.0134159878,C60pi24:1:0.0148552065,C60pi25:1:0.0239111516,C60pi26:1:0.0128776278,C60pi27:1:0.0222318842,C60pi28:1:0.0247444742,C60pi29:1:0.0214274810,C60pi30:1:0.0115001882,C60pi31:1:0.0076017389,C60pi32:1:0.0130258568,C60pi33:1:0.0093701965,C60pi34:1:0.0467194264,C60pi35:1:0.0441940314,C60pi36:1:0.0322263154,C60pi37:1:0.0402999891,C60pi38:1:0.0150234227,C60pi39:1:0.0104589903,C60pi40:1:0.0214742395,C60pi41:1:0.0154957836,C60pi42:1:0.0101789953,C60pi43:1:0.0227980379,C60pi44:1:0.0123204539,C60pi45:1:0.0066777583,C60pi46:1:0.0004150083,C60pi47:1:0.0344385130,C60pi48:1:0.0113663379,C60pi49:1:0.0127143049,C60pi50:1:0.0124323741,C60pi51:1:0.0262124415,C60pi52:1:0.0064994957,C60pi53:1:0.0103203293,C60pi54:1:0.0142463512,C60pi55:1:0.0215600067,C60pi56:1:0.0199150700,C60pi57:1:0.0038964200,C60pi58:1:0.0113448855,C60pi59:1:0.0128595846,C60pi60:1:0.0117656776}
 73  LG+C60        1542486.195  122 3085216.390  3085216.723  3086364.547
Akaike Information Criterion:           LG+C60
Corrected Akaike Information Criterion: LG+C60
Bayesian Information Criterion:         LG+C60
Best-fit model: LG+C60 chosen according to BIC

All model information printed to New1_OldVsNewTax21_PPP3_Concatenated_Alignment_Phyx_g065.fas.model.gz
CPU time for ModelFinder: 17767.188 seconds (4h:56m:7s)
Wall-clock time for ModelFinder: 891.978 seconds (0h:14m:51s)
Model LG+C60 is alias for LG+POISSON+G+FMIX{C60pi1:1:0.0169698865,C60pi2:1:0.0211683374,C60pi3:1:0.0276589079,C60pi4:1:0.0065675964,C60pi5:1:0.0141221416,C60pi6:1:0.0068774834,C60pi7:1:0.0146909701,C60pi8:1:0.0067225777,C60pi9:1:0.0018396660,C60pi10:1:0.0102547197,C60pi11:1:0.0230896163,C60pi12:1:0.0057941033,C60pi13:1:0.0125394534,C60pi14:1:0.0204526478,C60pi15:1:0.0070629602,C60pi16:1:0.0117982741,C60pi17:1:0.0068334668,C60pi18:1:0.0433775839,C60pi19:1:0.0318278731,C60pi20:1:0.0222546108,C60pi21:1:0.0102264969,C60pi22:1:0.0150545891,C60pi23:1:0.0134159878,C60pi24:1:0.0148552065,C60pi25:1:0.0239111516,C60pi26:1:0.0128776278,C60pi27:1:0.0222318842,C60pi28:1:0.0247444742,C60pi29:1:0.0214274810,C60pi30:1:0.0115001882,C60pi31:1:0.0076017389,C60pi32:1:0.0130258568,C60pi33:1:0.0093701965,C60pi34:1:0.0467194264,C60pi35:1:0.0441940314,C60pi36:1:0.0322263154,C60pi37:1:0.0402999891,C60pi38:1:0.0150234227,C60pi39:1:0.0104589903,C60pi40:1:0.0214742395,C60pi41:1:0.0154957836,C60pi42:1:0.0101789953,C60pi43:1:0.0227980379,C60pi44:1:0.0123204539,C60pi45:1:0.0066777583,C60pi46:1:0.0004150083,C60pi47:1:0.0344385130,C60pi48:1:0.0113663379,C60pi49:1:0.0127143049,C60pi50:1:0.0124323741,C60pi51:1:0.0262124415,C60pi52:1:0.0064994957,C60pi53:1:0.0103203293,C60pi54:1:0.0142463512,C60pi55:1:0.0215600067,C60pi56:1:0.0199150700,C60pi57:1:0.0038964200,C60pi58:1:0.0113448855,C60pi59:1:0.0128595846,C60pi60:1:0.0117656776}

NOTE: 171047 MB RAM (167 GB) is required!
WARNING: Memory required per CPU-core (8.35192 GB) is higher than your computer RAM per CPU-core (7 GB), thus multiple runs may exceed RAM!
Estimate model parameters (epsilon = 0.010)
1. Initial log-likelihood: -1552737.799
2. Current log-likelihood: -1543833.103
3. Current log-likelihood: -1542572.574
4. Current log-likelihood: -1542493.606
5. Current log-likelihood: -1542486.893
6. Current log-likelihood: -1542486.254
7. Current log-likelihood: -1542486.193
Optimal log-likelihood: -1542486.192
Mixture weights: 0.017 0.021 0.028 0.007 0.014 0.007 0.015 0.007 0.002 0.010 0.023 0.006 0.013 0.020 0.007 0.012 0.007 0.043 0.032 0.022 0.010 0.015 0.013 0.015 0.024 0.013 0.022 0.025 0.021 0.011 0.008 0.013 0.009 0.047 0.044 0.032 0.040 0.015 0.010 0.021 0.015 0.010 0.023 0.012 0.007 0.001 0.034 0.011 0.013 0.012 0.026 0.006 0.010 0.014 0.022 0.020 0.004 0.011 0.013 0.012
Gamma shape alpha: 0.469
Parameters optimization took 7 rounds (759.007 sec)
BEST SCORE FOUND : -1542486.192
Total tree length: 24.888

Total number of iterations: 0
CPU time used for tree search: 0.000 sec (0h:0m:0s)
Wall-clock time used for tree search: 0.000 sec (0h:0m:0s)
Total CPU time used: 15153.366 sec (4h:12m:33s)
Total wall-clock time used: 759.087 sec (0h:12m:39s)

Analysis results written to: 
  IQ-TREE report:                New1_OldVsNewTax21_PPP3_Concatenated_Alignment_Phyx_g065.fas.iqtree
  Tree used for ModelFinder:     New1_OldVsNewTax21_PPP3_Concatenated_Alignment_Phyx_g065.fas.treefile
  Screen log file:               New1_OldVsNewTax21_PPP3_Concatenated_Alignment_Phyx_g065.fas.log

Date and Time: Tue Dec 19 14:22:01 2023
